INFO:__main__:adding edge from a_l_logs.py
INFO:__main__:adding edge from a_l_logs.py
INFO:__main__:adding edge from a_l_logs.py
INFO:__main__:0 >> []
INFO:__main__:1 >> [2]
INFO:__main__:2 >> [1, 4]
INFO:__main__:3 >> [4]
INFO:__main__:4 >> [2, 3]
INFO:a_l_logs:adding edge from a_l_logs.py
INFO:a_l_logs:adding edge from a_l_logs.py
INFO:a_l_logs:adding edge from a_l_logs.py
INFO:a_l_logs:0 >> []
INFO:a_l_logs:1 >> [2]
INFO:a_l_logs:2 >> [1, 4]
INFO:a_l_logs:3 >> [4]
INFO:a_l_logs:4 >> [2, 3]
INFO:a_l_logs:adding edge from a_l_logs.py
INFO:a_l_logs:adding edge from a_l_logs.py
INFO:a_l_logs:adding edge from a_l_logs.py
INFO:a_l_logs:0 >> []
INFO:a_l_logs:1 >> [2]
INFO:a_l_logs:2 >> [1, 4]
INFO:a_l_logs:3 >> [4]
INFO:a_l_logs:4 >> [2, 3]
INFO:a_l_logs:adding edge from a_l_logs.py
INFO:a_l_logs:adding edge from a_l_logs.py
INFO:a_l_logs:adding edge from a_l_logs.py
INFO:a_l_logs:0 >> []
INFO:a_l_logs:1 >> [2]
INFO:a_l_logs:2 >> [1, 4]
INFO:a_l_logs:3 >> [4]
INFO:a_l_logs:4 >> [2, 3]
INFO:a_l_logs:adding edge from a_l_logs.py
INFO:a_l_logs:adding edge from a_l_logs.py
INFO:a_l_logs:adding edge from a_l_logs.py
INFO:a_l_logs:0 >> []
INFO:a_l_logs:1 >> [2]
INFO:a_l_logs:2 >> [1, 4]
INFO:a_l_logs:3 >> [4]
INFO:a_l_logs:4 >> [2, 3]
INFO:a_l_logs:adding edge from a_l_logs.py
INFO:a_l_logs:adding edge from a_l_logs.py
INFO:a_l_logs:adding edge from a_l_logs.py
INFO:a_l_logs:0 >> []
INFO:a_l_logs:1 >> [2]
INFO:a_l_logs:2 >> [1, 4]
INFO:a_l_logs:3 >> [4]
INFO:a_l_logs:4 >> [2, 3]
INFO:a_l_logs:adding edge from a_l_logs.py
INFO:a_l_logs:adding edge from a_l_logs.py
INFO:a_l_logs:adding edge from a_l_logs.py
INFO:a_l_logs:0 >> []
INFO:a_l_logs:1 >> [2]
INFO:a_l_logs:2 >> [1, 4]
INFO:a_l_logs:3 >> [4]
INFO:a_l_logs:4 >> [2, 3]
INFO:a_l_logs:adding edge from a_l_logs.py
INFO:a_l_logs:adding edge from a_l_logs.py
INFO:a_l_logs:adding edge from a_l_logs.py
INFO:a_l_logs:0 >> []
INFO:a_l_logs:1 >> [2]
INFO:a_l_logs:2 >> [1, 4]
INFO:a_l_logs:3 >> [4]
INFO:a_l_logs:4 >> [2, 3]
INFO:a_l_logs:adding edge from a_l_logs.py
INFO:a_l_logs:adding edge from a_l_logs.py
INFO:a_l_logs:adding edge from a_l_logs.py
INFO:a_l_logs:0 >> []
INFO:a_l_logs:1 >> [2]
INFO:a_l_logs:2 >> [1, 4]
INFO:a_l_logs:3 >> [4]
INFO:a_l_logs:4 >> [2, 3]
INFO:a_l_logs:adding edge from a_l_logs.py
INFO:a_l_logs:adding edge from a_l_logs.py
INFO:a_l_logs:adding edge from a_l_logs.py
INFO:a_l_logs:0 >> []
INFO:a_l_logs:1 >> [2]
INFO:a_l_logs:2 >> [1, 4]
INFO:a_l_logs:3 >> [4]
INFO:a_l_logs:4 >> [2, 3]
INFO:a_l_logs:adding edge from a_l_logs.py
INFO:a_l_logs:adding edge from a_l_logs.py
INFO:a_l_logs:adding edge from a_l_logs.py
INFO:a_l_logs:0 >> []
INFO:a_l_logs:1 >> [2]
INFO:a_l_logs:2 >> [1, 4]
INFO:a_l_logs:3 >> [4]
INFO:a_l_logs:4 >> [2, 3]
INFO:a_l_logs:adding edge from a_l_logs.py
INFO:a_l_logs:adding edge from a_l_logs.py
INFO:a_l_logs:adding edge from a_l_logs.py
INFO:a_l_logs:0 >> []
INFO:a_l_logs:1 >> [2]
INFO:a_l_logs:2 >> [1, 4]
INFO:a_l_logs:3 >> [4]
INFO:a_l_logs:4 >> [2, 3]
INFO:a_l_logs:adding edge from a_l_logs.py
INFO:a_l_logs:adding edge from a_l_logs.py
INFO:a_l_logs:adding edge from a_l_logs.py
INFO:a_l_logs:0 >> []
INFO:a_l_logs:1 >> [2]
INFO:a_l_logs:2 >> [1, 4]
INFO:a_l_logs:3 >> [4]
INFO:a_l_logs:4 >> [2, 3]
INFO:a_l_logs:adding edge from a_l_logs.py
INFO:a_l_logs:adding edge from a_l_logs.py
INFO:a_l_logs:adding edge from a_l_logs.py
INFO:a_l_logs:0 >> []
INFO:a_l_logs:1 >> [2]
INFO:a_l_logs:2 >> [1, 4]
INFO:a_l_logs:3 >> [4]
INFO:a_l_logs:4 >> [2, 3]
INFO:a_l_logs:adding edge from a_l_logs.py
INFO:a_l_logs:adding edge from a_l_logs.py
INFO:a_l_logs:adding edge from a_l_logs.py
INFO:a_l_logs:0 >> []
INFO:a_l_logs:1 >> [2]
INFO:a_l_logs:2 >> [1, 4]
INFO:a_l_logs:3 >> [4]
INFO:a_l_logs:4 >> [2, 3]
